<?xml version="1.0" encoding="UTF-8"?>
<!-- Generated by org.testng.reporters.JUnitReportReporter -->
<testsuite skipped="0" hostname="DESKTOP-USI23C7" name="com.testing.google.TestingClass" tests="1" failures="0" timestamp="09 Sep 2018 07:56:00 GMT" time="12.225" errors="0">
  <testcase name="launchBrowser" time="12.225" classname="com.testing.google.TestingClass"/>
</testsuite> <!-- com.testing.google.TestingClass -->
